Using CSV file: /home/elavcoh/linux_project/Work/Q3/plants.csv
processing plant: Rose
Generated plots for Rose
processing plant: Tulip
Generated plots for Tulip
processing plant: Sunflower
Generated plots for Sunflower
processing plant: Daffodil
Generated plots for Daffodil
processing plant: Lily
Generated plots for Lily
Using CSV file: /home/elavcoh/linux_project/Work/Q3/plants.csv
processing plant: Rose
Generated plots for Rose
processing plant: Tulip
Generated plots for Tulip
processing plant: Sunflower
Generated plots for Sunflower
processing plant: Daffodil
Generated plots for Daffodil
processing plant: Lily
Generated plots for Lily
Using CSV file: /home/elavcoh/linux_project/Work/Q3/plants.csv
processing plant: Rose
Generated plots for Rose
processing plant: Tulip
Generated plots for Tulip
processing plant: Sunflower
Generated plots for Sunflower
processing plant: Daffodil
Generated plots for Daffodil
processing plant: Lily
Generated plots for Lily
Using CSV file: /home/elavcoh/linux_project/Work/Q3/plants.csv
processing plant: Rose
Generated plots for Rose
Using CSV file: /home/elavcoh/linux_project/Work/Q3/plants.csv
processing plant: Rose
Generated plots for Rose
Using CSV file: /home/elavcoh/linux_project/Work/Q3/plants.csv
processing plant: Rose
Generated plots for Rose
processing plant: Tulip
Generated plots for Tulip
processing plant: Sunflower
Generated plots for Sunflower
processing plant: Daffodil
Generated plots for Daffodil
processing plant: Lily
Generated plots for Lily
Using CSV file: /home/elavcoh/linux_project/Work/Q3/plants.csv
processing plant: Rose
Generated plots for Rose
